2022-04-04 08:57:23.709 | ERROR    | biosimulations_physiome.process_projects:process:332 - Could not parse XML file model-validation.xml
2022-04-04 08:57:23.710 | ERROR    | biosimulations_physiome.process_projects:process:333 - no element found: line 2, column 0
2022-04-04 08:57:23.715 | ERROR    | biosimulations_physiome.process_projects:process:332 - Could not parse XML file model-validation.xml.rdf
2022-04-04 08:57:23.715 | ERROR    | biosimulations_physiome.process_projects:process:333 - no element found: line 2, column 0
2022-04-04 08:57:42.486 | ERROR    | biosimulations_physiome.process_projects:process:332 - Could not parse XML file newMail.xml
2022-04-04 08:57:42.487 | ERROR    | biosimulations_physiome.process_projects:process:333 - unbound prefix: line 1, column 0
2022-04-04 08:58:06.532 | ERROR    | biosimulations_physiome.process_projects:process:369 - Error generating SEDML for project 46: The SED document is invalid.
  - Data_generators must have unique ids. The following ids are repeated:
    - data_generator_value_component_component_variable_start_boundary_d
  - Each identified SED object must have a unique id. Multiple objects have the following ids:
    - data_generator_value_component_component_variable_start_boundary_d
    - data_set_value_component_component_variable_start_boundary_d
    - initial_value_component_component_variable_start_boundary_d
    - value_component_component_variable_start_boundary_d
2022-04-04 08:59:46.358 | ERROR    | biosimulations_physiome.process_projects:process:369 - Error generating SEDML for project 62d7398a8a730bf27d19a602109b3e2d: The SED document is invalid.
  - Data_generators must have unique ids. The following ids are repeated:
    - data_generator_value_component_constants_variable_kTA_
  - Each identified SED object must have a unique id. Multiple objects have the following ids:
    - data_generator_value_component_constants_variable_kTA_
    - data_set_value_component_constants_variable_kTA_
    - value_component_constants_variable_kTA_
  - Data generator `data_generator_value_component_constants_variable_kTA_` is invalid.
    - Variable `value_component_constants_variable_kTA_` is invalid.
      - XPath `/cellml:model/cellml:component[@name='constants']/cellml:variable[@name='kTA_']` matches multiple elements of model `model`.
  - Data generator `data_generator_value_component_constants_variable_kTA_` is invalid.
    - Variable `value_component_constants_variable_kTA_` is invalid.
      - XPath `/cellml:model/cellml:component[@name='constants']/cellml:variable[@name='kTA_']` matches multiple elements of model `model`.
2022-04-04 08:59:55.825 | ERROR    | biosimulations_physiome.process_projects:process:369 - Error generating SEDML for project 6e2: No non imported files found
2022-04-04 08:59:56.592 | ERROR    | biosimulations_physiome.process_projects:process:369 - Error generating SEDML for project bb: No non imported files found
2022-04-04 09:00:58.264 | ERROR    | biosimulations_physiome.process_projects:process:369 - Error generating SEDML for project fbe9652676c463daa12e0462553d1291: No non imported files found
2022-04-04 09:01:09.131 | ERROR    | biosimulations_physiome.process_projects:process:369 - Error generating SEDML for project 2734670a90df07aa350867eb2b5608ac: Model file `out/2734670a90df07aa350867eb2b5608ac/contents/wierschem_2004.cellml` is not a valid CellML file.
  - 103.0: Element math has extra content: apply
  - 0.0: Extra element math in interleave
  - 102.0: Element component failed to validate content
  - 0.0: Extra element component in interleave
  - 92.0: Element model failed to validate content
2022-04-04 10:09:25.906 | ERROR    | biosimulations_physiome.process_projects:process:332 - Could not parse XML file model-validation.xml
2022-04-04 10:09:25.906 | ERROR    | biosimulations_physiome.process_projects:process:333 - no element found: line 2, column 0
2022-04-04 10:09:25.911 | ERROR    | biosimulations_physiome.process_projects:process:332 - Could not parse XML file model-validation.xml.rdf
2022-04-04 10:09:25.911 | ERROR    | biosimulations_physiome.process_projects:process:333 - no element found: line 2, column 0
2022-04-04 10:09:46.210 | ERROR    | biosimulations_physiome.process_projects:process:332 - Could not parse XML file newMail.xml
2022-04-04 10:09:46.211 | ERROR    | biosimulations_physiome.process_projects:process:333 - unbound prefix: line 1, column 0
2022-04-04 10:10:11.040 | ERROR    | biosimulations_physiome.process_projects:process:369 - Error generating SEDML for project 46: The SED document is invalid.
  - Data_generators must have unique ids. The following ids are repeated:
    - data_generator_value_component_component_variable_start_boundary_d
  - Each identified SED object must have a unique id. Multiple objects have the following ids:
    - data_generator_value_component_component_variable_start_boundary_d
    - data_set_value_component_component_variable_start_boundary_d
    - initial_value_component_component_variable_start_boundary_d
    - value_component_component_variable_start_boundary_d
2022-04-04 10:11:54.518 | ERROR    | biosimulations_physiome.process_projects:process:369 - Error generating SEDML for project 62d7398a8a730bf27d19a602109b3e2d: The SED document is invalid.
  - Data_generators must have unique ids. The following ids are repeated:
    - data_generator_value_component_constants_variable_kTA_
  - Each identified SED object must have a unique id. Multiple objects have the following ids:
    - data_generator_value_component_constants_variable_kTA_
    - data_set_value_component_constants_variable_kTA_
    - value_component_constants_variable_kTA_
  - Data generator `data_generator_value_component_constants_variable_kTA_` is invalid.
    - Variable `value_component_constants_variable_kTA_` is invalid.
      - XPath `/cellml:model/cellml:component[@name='constants']/cellml:variable[@name='kTA_']` matches multiple elements of model `model`.
  - Data generator `data_generator_value_component_constants_variable_kTA_` is invalid.
    - Variable `value_component_constants_variable_kTA_` is invalid.
      - XPath `/cellml:model/cellml:component[@name='constants']/cellml:variable[@name='kTA_']` matches multiple elements of model `model`.
2022-04-04 10:12:04.091 | ERROR    | biosimulations_physiome.process_projects:process:369 - Error generating SEDML for project 6e2: No non imported files found
2022-04-04 10:12:04.869 | ERROR    | biosimulations_physiome.process_projects:process:369 - Error generating SEDML for project bb: No non imported files found
2022-04-04 10:13:09.084 | ERROR    | biosimulations_physiome.process_projects:process:369 - Error generating SEDML for project fbe9652676c463daa12e0462553d1291: No non imported files found
2022-04-04 10:13:20.686 | ERROR    | biosimulations_physiome.process_projects:process:369 - Error generating SEDML for project 2734670a90df07aa350867eb2b5608ac: Model file `out/2734670a90df07aa350867eb2b5608ac/contents/wierschem_2004.cellml` is not a valid CellML file.
  - 103.0: Element math has extra content: apply
  - 0.0: Extra element math in interleave
  - 102.0: Element component failed to validate content
  - 0.0: Extra element component in interleave
  - 92.0: Element model failed to validate content
